PCAD Importer Log
Project : SSQ-104-02-S-S.LibPkg

Section : Z:\run\media\ross\Mirrored_Storage\Kessler Documents\Psat-MCU-PCB\Libraries\SSQ-104-02-S-S\SSQ-104-02-S-S.lia
    Section : PCB Library - SSQ-104-02-S-S.PcbLib
        Section : Load Messages
            Warning - 1 : Skipping Token SSQ-104-02-S-S On Line 141
            Warning - 1 : Skipping Token attachedSymbol On Line 203
        EndSection

        Section : Import Messages
            Warning - 0 : PCAD Pattern Graphics [*SAMTEC_SSQ-104-02-S-S][Primary] associated with PCAD Component [SSQ-104-02-S-S] has been renamed to PCB FootPrint [*SAMTEC_SSQ-104-02-S-S_SSQ-104-02-S-S(Primary)].
        EndSection
    EndSection

    Section : SCH Library - SSQ-104-02-S-S.SchLib
        Section : Parsing Messages
            Warning - 1 : Skipping Token padStyleDef On Line 9
            Warning - 1 : Skipping Token padStyleDef On Line 21
            Warning - 1 : Skipping Token multiLayer On Line 96
            Warning - 1 : Skipping Token layerContents On Line 102
            Warning - 1 : Skipping Token layerContents On Line 108
            Warning - 1 : Skipping Token layerContents On Line 115
            Warning - 1 : Skipping Token layerContents On Line 127
        EndSection

        Section : Generating SCH Library - SSQ-104-02-S-S.SchLib
            Warning - 0 : PCAD Pattern Graphics [*SAMTEC_SSQ-104-02-S-S][Primary] associated with PCAD Component [SSQ-104-02-S-S] has been renamed to PCB FootPrint [*SAMTEC_SSQ-104-02-S-S_SSQ-104-02-S-S(Primary)].
        EndSection
    EndSection
EndSection
